This file contains any messages produced by compilers while
running configure, to aid debugging if configure makes a mistake.

It was created by massivethreads configure 0.21, which was
generated by GNU Autoconf 2.68.  Invocation command line was

  $ ./configure --prefix=/home/denjo/parallel/sys

## --------- ##
## Platform. ##
## --------- ##

hostname = denjo-pc
uname -m = i686
uname -r = 3.2.0-29-generic
uname -s = Linux
uname -v = #46-Ubuntu SMP Fri Jul 27 17:04:05 UTC 2012

/usr/bin/uname -p = unknown
/bin/uname -X     = unknown

/bin/arch              = unknown
/usr/bin/arch -k       = unknown
/usr/convex/getsysinfo = unknown
/usr/bin/hostinfo      = unknown
/bin/machine           = unknown
/usr/bin/oslevel       = unknown
/bin/universe          = unknown

PATH: /usr/local/texlive/p2009/bin/i686-pc-linux-gnu
PATH: /usr/lib/lightdm/lightdm
PATH: /usr/local/sbin
PATH: /usr/local/bin
PATH: /usr/sbin
PATH: /usr/bin
PATH: /sbin
PATH: /bin
PATH: /usr/games


## ----------- ##
## Core tests. ##
## ----------- ##

configure:2319: checking for a BSD-compatible install
configure:2387: result: /usr/bin/install -c
configure:2398: checking whether build environment is sane
configure:2448: result: yes
configure:2589: checking for a thread-safe mkdir -p
configure:2628: result: /bin/mkdir -p
configure:2641: checking for gawk
configure:2671: result: no
configure:2641: checking for mawk
configure:2657: found /usr/bin/mawk
configure:2668: result: mawk
configure:2679: checking whether make sets $(MAKE)
configure:2701: result: yes
configure:2831: checking for gcc
configure:2847: found /usr/bin/gcc
configure:2858: result: gcc
configure:3087: checking for C compiler version
configure:3096: gcc --version >&5
gcc (Ubuntu/Linaro 4.6.3-1ubuntu5) 4.6.3
Copyright (C) 2011 Free Software Foundation, Inc.
This is free software; see the source for copying conditions.  There is NO
warranty; not even for MERCHANTABILITY or FITNESS FOR A PARTICULAR PURPOSE.

configure:3107: $? = 0
configure:3096: gcc -v >&5
Using built-in specs.
COLLECT_GCC=gcc
COLLECT_LTO_WRAPPER=/usr/lib/gcc/i686-linux-gnu/4.6/lto-wrapper
Target: i686-linux-gnu
Configured with: ../src/configure -v --with-pkgversion='Ubuntu/Linaro 4.6.3-1ubuntu5' --with-bugurl=file:///usr/share/doc/gcc-4.6/README.Bugs --enable-languages=c,c++,fortran,objc,obj-c++ --prefix=/usr --program-suffix=-4.6 --enable-shared --enable-linker-build-id --with-system-zlib --libexecdir=/usr/lib --without-included-gettext --enable-threads=posix --with-gxx-include-dir=/usr/include/c++/4.6 --libdir=/usr/lib --enable-nls --with-sysroot=/ --enable-clocale=gnu --enable-libstdcxx-debug --enable-libstdcxx-time=yes --enable-gnu-unique-object --enable-plugin --enable-objc-gc --enable-targets=all --disable-werror --with-arch-32=i686 --with-tune=generic --enable-checking=release --build=i686-linux-gnu --host=i686-linux-gnu --target=i686-linux-gnu
Thread model: posix
gcc version 4.6.3 (Ubuntu/Linaro 4.6.3-1ubuntu5) 
configure:3107: $? = 0
configure:3096: gcc -V >&5
gcc: error: unrecognized option '-V'
gcc: fatal error: no input files
compilation terminated.
configure:3107: $? = 4
configure:3096: gcc -qversion >&5
gcc: error: unrecognized option '-qversion'
gcc: fatal error: no input files
compilation terminated.
configure:3107: $? = 4
configure:3127: checking whether the C compiler works
configure:3149: gcc    conftest.c  >&5
configure:3153: $? = 0
configure:3201: result: yes
configure:3204: checking for C compiler default output file name
configure:3206: result: a.out
configure:3212: checking for suffix of executables
configure:3219: gcc -o conftest    conftest.c  >&5
configure:3223: $? = 0
configure:3245: result: 
configure:3267: checking whether we are cross compiling
configure:3275: gcc -o conftest    conftest.c  >&5
configure:3279: $? = 0
configure:3286: ./conftest
configure:3290: $? = 0
configure:3305: result: no
configure:3310: checking for suffix of object files
configure:3332: gcc -c   conftest.c >&5
configure:3336: $? = 0
configure:3357: result: o
configure:3361: checking whether we are using the GNU C compiler
configure:3380: gcc -c   conftest.c >&5
configure:3380: $? = 0
configure:3389: result: yes
configure:3398: checking whether gcc accepts -g
configure:3418: gcc -c -g  conftest.c >&5
configure:3418: $? = 0
configure:3459: result: yes
configure:3476: checking for gcc option to accept ISO C89
configure:3540: gcc  -c -g -O2  conftest.c >&5
configure:3540: $? = 0
configure:3553: result: none needed
configure:3584: checking for style of include used by make
configure:3612: result: GNU
configure:3638: checking dependency style of gcc
configure:3749: result: gcc3
configure:3784: checking for gawk
configure:3811: result: mawk
configure:3831: checking dependency style of gcc
configure:3940: result: gcc3
configure:3956: checking for dlopen in -ldl
configure:3981: gcc -o conftest -g -O3 -Wall -ftls-model=initial-exec   conftest.c -ldl   >&5
configure:3981: $? = 0
configure:3990: result: yes
configure:4003: checking for pthread_create in -lpthread
configure:4028: gcc -o conftest -g -O3 -Wall -ftls-model=initial-exec   conftest.c -lpthread  -ldl  >&5
configure:4028: $? = 0
configure:4037: result: yes
configure:4057: checking how to run the C preprocessor
configure:4088: gcc -E  conftest.c
configure:4088: $? = 0
configure:4102: gcc -E  conftest.c
conftest.c:13:28: fatal error: ac_nonexistent.h: No such file or directory
compilation terminated.
configure:4102: $? = 1
configure: failed program was:
| /* confdefs.h */
| #define PACKAGE_NAME "massivethreads"
| #define PACKAGE_TARNAME "massivethreads"
| #define PACKAGE_VERSION "0.21"
| #define PACKAGE_STRING "massivethreads 0.21"
| #define PACKAGE_BUGREPORT "massivethreads@eidos.ic.i.u-tokyo.ac.jp"
| #define PACKAGE_URL "http://code.google.com/p/massivethreads/"
| #define PACKAGE "massivethreads"
| #define VERSION "0.21"
| #define HAVE_LIBDL 1
| #define HAVE_LIBPTHREAD 1
| /* end confdefs.h.  */
| #include <ac_nonexistent.h>
configure:4127: result: gcc -E
configure:4147: gcc -E  conftest.c
configure:4147: $? = 0
configure:4161: gcc -E  conftest.c
conftest.c:13:28: fatal error: ac_nonexistent.h: No such file or directory
compilation terminated.
configure:4161: $? = 1
configure: failed program was:
| /* confdefs.h */
| #define PACKAGE_NAME "massivethreads"
| #define PACKAGE_TARNAME "massivethreads"
| #define PACKAGE_VERSION "0.21"
| #define PACKAGE_STRING "massivethreads 0.21"
| #define PACKAGE_BUGREPORT "massivethreads@eidos.ic.i.u-tokyo.ac.jp"
| #define PACKAGE_URL "http://code.google.com/p/massivethreads/"
| #define PACKAGE "massivethreads"
| #define VERSION "0.21"
| #define HAVE_LIBDL 1
| #define HAVE_LIBPTHREAD 1
| /* end confdefs.h.  */
| #include <ac_nonexistent.h>
configure:4190: checking for grep that handles long lines and -e
configure:4248: result: /bin/grep
configure:4253: checking for egrep
configure:4315: result: /bin/grep -E
configure:4320: checking for ANSI C header files
configure:4340: gcc -c -g -O3 -Wall -ftls-model=initial-exec  conftest.c >&5
configure:4340: $? = 0
configure:4413: gcc -o conftest -g -O3 -Wall -ftls-model=initial-exec   conftest.c -lpthread -ldl  >&5
configure:4413: $? = 0
configure:4413: ./conftest
configure:4413: $? = 0
configure:4424: result: yes
configure:4437: checking for sys/types.h
configure:4437: gcc -c -g -O3 -Wall -ftls-model=initial-exec  conftest.c >&5
configure:4437: $? = 0
configure:4437: result: yes
configure:4437: checking for sys/stat.h
configure:4437: gcc -c -g -O3 -Wall -ftls-model=initial-exec  conftest.c >&5
configure:4437: $? = 0
configure:4437: result: yes
configure:4437: checking for stdlib.h
configure:4437: gcc -c -g -O3 -Wall -ftls-model=initial-exec  conftest.c >&5
configure:4437: $? = 0
configure:4437: result: yes
configure:4437: checking for string.h
configure:4437: gcc -c -g -O3 -Wall -ftls-model=initial-exec  conftest.c >&5
configure:4437: $? = 0
configure:4437: result: yes
configure:4437: checking for memory.h
configure:4437: gcc -c -g -O3 -Wall -ftls-model=initial-exec  conftest.c >&5
configure:4437: $? = 0
configure:4437: result: yes
configure:4437: checking for strings.h
configure:4437: gcc -c -g -O3 -Wall -ftls-model=initial-exec  conftest.c >&5
configure:4437: $? = 0
configure:4437: result: yes
configure:4437: checking for inttypes.h
configure:4437: gcc -c -g -O3 -Wall -ftls-model=initial-exec  conftest.c >&5
configure:4437: $? = 0
configure:4437: result: yes
configure:4437: checking for stdint.h
configure:4437: gcc -c -g -O3 -Wall -ftls-model=initial-exec  conftest.c >&5
configure:4437: $? = 0
configure:4437: result: yes
configure:4437: checking for unistd.h
configure:4437: gcc -c -g -O3 -Wall -ftls-model=initial-exec  conftest.c >&5
configure:4437: $? = 0
configure:4437: result: yes
configure:4453: checking size of int
configure:4458: gcc -o conftest -g -O3 -Wall -ftls-model=initial-exec   conftest.c -lpthread -ldl  >&5
configure:4458: $? = 0
configure:4458: ./conftest
configure:4458: $? = 0
configure:4472: result: 4
configure:4486: checking size of void*
configure:4491: gcc -o conftest -g -O3 -Wall -ftls-model=initial-exec   conftest.c -lpthread -ldl  >&5
configure:4491: $? = 0
configure:4491: ./conftest
configure:4491: $? = 0
configure:4505: result: 4
configure:4549: checking build system type
configure:4563: result: i686-pc-linux-gnu
configure:4583: checking host system type
configure:4596: result: i686-pc-linux-gnu
configure:4637: checking how to print strings
configure:4664: result: printf
configure:4685: checking for a sed that does not truncate output
configure:4749: result: /bin/sed
configure:4767: checking for fgrep
configure:4829: result: /bin/grep -F
configure:4864: checking for ld used by gcc
configure:4931: result: /usr/bin/ld
configure:4938: checking if the linker (/usr/bin/ld) is GNU ld
configure:4953: result: yes
configure:4965: checking for BSD- or MS-compatible name lister (nm)
configure:5014: result: /usr/bin/nm -B
configure:5144: checking the name lister (/usr/bin/nm -B) interface
configure:5151: gcc -c -g -O3 -Wall -ftls-model=initial-exec  conftest.c >&5
configure:5154: /usr/bin/nm -B "conftest.o"
configure:5157: output
00000000 B some_variable
configure:5164: result: BSD nm
configure:5167: checking whether ln -s works
configure:5171: result: yes
configure:5179: checking the maximum length of command line arguments
configure:5304: result: 1572864
configure:5321: checking whether the shell understands some XSI constructs
configure:5331: result: yes
configure:5335: checking whether the shell understands "+="
configure:5341: result: yes
configure:5376: checking how to convert i686-pc-linux-gnu file names to i686-pc-linux-gnu format
configure:5416: result: func_convert_file_noop
configure:5423: checking how to convert i686-pc-linux-gnu file names to toolchain format
configure:5443: result: func_convert_file_noop
configure:5450: checking for /usr/bin/ld option to reload object files
configure:5457: result: -r
configure:5531: checking for objdump
configure:5547: found /usr/bin/objdump
configure:5558: result: objdump
configure:5590: checking how to recognize dependent libraries
configure:5792: result: pass_all
configure:5877: checking for dlltool
configure:5907: result: no
configure:5937: checking how to associate runtime and link libraries
configure:5964: result: printf %s\n
configure:6024: checking for ar
configure:6040: found /usr/bin/ar
configure:6051: result: ar
configure:6088: checking for archiver @FILE support
configure:6105: gcc -c -g -O3 -Wall -ftls-model=initial-exec  conftest.c >&5
configure:6105: $? = 0
configure:6108: ar cru libconftest.a @conftest.lst >&5
configure:6111: $? = 0
configure:6116: ar cru libconftest.a @conftest.lst >&5
ar: conftest.o: No such file or directory
configure:6119: $? = 1
configure:6131: result: @
configure:6189: checking for strip
configure:6205: found /usr/bin/strip
configure:6216: result: strip
configure:6288: checking for ranlib
configure:6304: found /usr/bin/ranlib
configure:6315: result: ranlib
configure:6417: checking command to parse /usr/bin/nm -B output from gcc object
configure:6536: gcc -c -g -O3 -Wall -ftls-model=initial-exec  conftest.c >&5
configure:6539: $? = 0
configure:6543: /usr/bin/nm -B conftest.o \| sed -n -e 's/^.*[ ]\([ABCDGIRSTW][ABCDGIRSTW]*\)[ ][ ]*\([_A-Za-z][_A-Za-z0-9]*\)$/\1 \2 \2/p' | sed '/ __gnu_lto/d' \> conftest.nm
configure:6546: $? = 0
configure:6612: gcc -o conftest -g -O3 -Wall -ftls-model=initial-exec   conftest.c conftstm.o >&5
configure:6615: $? = 0
configure:6653: result: ok
configure:6690: checking for sysroot
configure:6720: result: no
configure:6963: checking for mt
configure:6979: found /bin/mt
configure:6990: result: mt
configure:7013: checking if mt is a manifest tool
configure:7019: mt '-?'
configure:7027: result: no
configure:7656: checking for dlfcn.h
configure:7656: gcc -c -g -O3 -Wall -ftls-model=initial-exec  conftest.c >&5
configure:7656: $? = 0
configure:7656: result: yes
configure:7843: checking for objdir
configure:7858: result: .libs
configure:8129: checking if gcc supports -fno-rtti -fno-exceptions
configure:8147: gcc -c -g -O3 -Wall -ftls-model=initial-exec  -fno-rtti -fno-exceptions conftest.c >&5
cc1: warning: command line option '-fno-rtti' is valid for C++/ObjC++ but not for C [enabled by default]
configure:8151: $? = 0
configure:8164: result: no
configure:8474: checking for gcc option to produce PIC
configure:8481: result: -fPIC -DPIC
configure:8489: checking if gcc PIC flag -fPIC -DPIC works
configure:8507: gcc -c -g -O3 -Wall -ftls-model=initial-exec  -fPIC -DPIC -DPIC conftest.c >&5
configure:8511: $? = 0
configure:8524: result: yes
configure:8553: checking if gcc static flag -static works
configure:8581: result: yes
configure:8596: checking if gcc supports -c -o file.o
configure:8617: gcc -c -g -O3 -Wall -ftls-model=initial-exec  -o out/conftest2.o conftest.c >&5
configure:8621: $? = 0
configure:8643: result: yes
configure:8651: checking if gcc supports -c -o file.o
configure:8698: result: yes
configure:8731: checking whether the gcc linker (/usr/bin/ld) supports shared libraries
configure:9893: result: yes
configure:9930: checking whether -lc should be explicitly linked in
configure:9938: gcc -c -g -O3 -Wall -ftls-model=initial-exec  conftest.c >&5
configure:9941: $? = 0
configure:9956: gcc -shared  -fPIC -DPIC conftest.o  -v -Wl,-soname -Wl,conftest -o conftest 2\>\&1 \| /bin/grep  -lc  \>/dev/null 2\>\&1
configure:9959: $? = 0
configure:9973: result: no
configure:10138: checking dynamic linker characteristics
configure:10653: gcc -o conftest -g -O3 -Wall -ftls-model=initial-exec   -Wl,-rpath -Wl,/foo conftest.c -lpthread -ldl  >&5
configure:10653: $? = 0
configure:10887: result: GNU/Linux ld.so
configure:10994: checking how to hardcode library paths into programs
configure:11019: result: immediate
configure:11559: checking whether stripping libraries is possible
configure:11564: result: yes
configure:11599: checking if libtool supports shared libraries
configure:11601: result: yes
configure:11604: checking whether to build shared libraries
configure:11625: result: yes
configure:11628: checking whether to build static libraries
configure:11632: result: yes
configure:11805: creating ./config.status

## ---------------------- ##
## Running config.status. ##
## ---------------------- ##

This file was extended by massivethreads config.status 0.21, which was
generated by GNU Autoconf 2.68.  Invocation command line was

  CONFIG_FILES    = 
  CONFIG_HEADERS  = 
  CONFIG_LINKS    = 
  CONFIG_COMMANDS = 
  $ ./config.status 

on denjo-pc

config.status:1100: creating Makefile
config.status:1100: creating tests/Makefile
config.status:1100: creating tests/fib/Makefile
config.status:1100: creating config.h
config.status:1281: config.h is unchanged
config.status:1329: executing depfiles commands
config.status:1329: executing libtool commands

## ---------------- ##
## Cache variables. ##
## ---------------- ##

ac_cv_build=i686-pc-linux-gnu
ac_cv_c_compiler_gnu=yes
ac_cv_env_CCASFLAGS_set=
ac_cv_env_CCASFLAGS_value=
ac_cv_env_CCAS_set=
ac_cv_env_CCAS_value=
ac_cv_env_CC_set=
ac_cv_env_CC_value=
ac_cv_env_CFLAGS_set=
ac_cv_env_CFLAGS_value=
ac_cv_env_CPPFLAGS_set=
ac_cv_env_CPPFLAGS_value=
ac_cv_env_CPP_set=
ac_cv_env_CPP_value=
ac_cv_env_LDFLAGS_set=
ac_cv_env_LDFLAGS_value=
ac_cv_env_LIBS_set=
ac_cv_env_LIBS_value=
ac_cv_env_build_alias_set=
ac_cv_env_build_alias_value=
ac_cv_env_host_alias_set=
ac_cv_env_host_alias_value=
ac_cv_env_target_alias_set=
ac_cv_env_target_alias_value=
ac_cv_header_dlfcn_h=yes
ac_cv_header_inttypes_h=yes
ac_cv_header_memory_h=yes
ac_cv_header_stdc=yes
ac_cv_header_stdint_h=yes
ac_cv_header_stdlib_h=yes
ac_cv_header_string_h=yes
ac_cv_header_strings_h=yes
ac_cv_header_sys_stat_h=yes
ac_cv_header_sys_types_h=yes
ac_cv_header_unistd_h=yes
ac_cv_host=i686-pc-linux-gnu
ac_cv_lib_dl_dlopen=yes
ac_cv_lib_pthread_pthread_create=yes
ac_cv_objext=o
ac_cv_path_EGREP='/bin/grep -E'
ac_cv_path_FGREP='/bin/grep -F'
ac_cv_path_GREP=/bin/grep
ac_cv_path_SED=/bin/sed
ac_cv_path_install='/usr/bin/install -c'
ac_cv_path_mkdir=/bin/mkdir
ac_cv_prog_AWK=mawk
ac_cv_prog_CPP='gcc -E'
ac_cv_prog_ac_ct_AR=ar
ac_cv_prog_ac_ct_CC=gcc
ac_cv_prog_ac_ct_MANIFEST_TOOL=mt
ac_cv_prog_ac_ct_OBJDUMP=objdump
ac_cv_prog_ac_ct_RANLIB=ranlib
ac_cv_prog_ac_ct_STRIP=strip
ac_cv_prog_cc_c89=
ac_cv_prog_cc_g=yes
ac_cv_prog_make_make_set=yes
ac_cv_sizeof_int=4
ac_cv_sizeof_voidp=4
am_cv_CCAS_dependencies_compiler_type=gcc3
am_cv_CC_dependencies_compiler_type=gcc3
lt_cv_ar_at_file=@
lt_cv_archive_cmds_need_lc=no
lt_cv_deplibs_check_method=pass_all
lt_cv_file_magic_cmd='$MAGIC_CMD'
lt_cv_file_magic_test_file=
lt_cv_ld_reload_flag=-r
lt_cv_nm_interface='BSD nm'
lt_cv_objdir=.libs
lt_cv_path_LD=/usr/bin/ld
lt_cv_path_NM='/usr/bin/nm -B'
lt_cv_path_mainfest_tool=no
lt_cv_prog_compiler_c_o=yes
lt_cv_prog_compiler_pic='-fPIC -DPIC'
lt_cv_prog_compiler_pic_works=yes
lt_cv_prog_compiler_rtti_exceptions=no
lt_cv_prog_compiler_static_works=yes
lt_cv_prog_gnu_ld=yes
lt_cv_sharedlib_from_linklib_cmd='printf %s\n'
lt_cv_shlibpath_overrides_runpath=no
lt_cv_sys_global_symbol_pipe='sed -n -e '\''s/^.*[	 ]\([ABCDGIRSTW][ABCDGIRSTW]*\)[	 ][	 ]*\([_A-Za-z][_A-Za-z0-9]*\)$/\1 \2 \2/p'\'' | sed '\''/ __gnu_lto/d'\'''
lt_cv_sys_global_symbol_to_c_name_address='sed -n -e '\''s/^: \([^ ]*\)[ ]*$/  {\"\1\", (void *) 0},/p'\'' -e '\''s/^[ABCDGIRSTW]* \([^ ]*\) \([^ ]*\)$/  {"\2", (void *) \&\2},/p'\'''
lt_cv_sys_global_symbol_to_c_name_address_lib_prefix='sed -n -e '\''s/^: \([^ ]*\)[ ]*$/  {\"\1\", (void *) 0},/p'\'' -e '\''s/^[ABCDGIRSTW]* \([^ ]*\) \(lib[^ ]*\)$/  {"\2", (void *) \&\2},/p'\'' -e '\''s/^[ABCDGIRSTW]* \([^ ]*\) \([^ ]*\)$/  {"lib\2", (void *) \&\2},/p'\'''
lt_cv_sys_global_symbol_to_cdecl='sed -n -e '\''s/^T .* \(.*\)$/extern int \1();/p'\'' -e '\''s/^[ABCDGIRSTW]* .* \(.*\)$/extern char \1;/p'\'''
lt_cv_sys_max_cmd_len=1572864
lt_cv_to_host_file_cmd=func_convert_file_noop
lt_cv_to_tool_file_cmd=func_convert_file_noop

## ----------------- ##
## Output variables. ##
## ----------------- ##

ACLOCAL='${SHELL} /home/denjo/parallel/sys/src/mth/mthreads/missing --run aclocal-1.11'
AMDEPBACKSLASH='\'
AMDEP_FALSE='#'
AMDEP_TRUE=''
AMTAR='$${TAR-tar}'
AR='ar'
AUTOCONF='${SHELL} /home/denjo/parallel/sys/src/mth/mthreads/missing --run autoconf'
AUTOHEADER='${SHELL} /home/denjo/parallel/sys/src/mth/mthreads/missing --run autoheader'
AUTOMAKE='${SHELL} /home/denjo/parallel/sys/src/mth/mthreads/missing --run automake-1.11'
AWK='mawk'
CC='gcc'
CCAS='gcc'
CCASDEPMODE='depmode=gcc3'
CCASFLAGS='-g -O3 -Wall -ftls-model=initial-exec'
CCDEPMODE='depmode=gcc3'
CFLAGS='-g -O3 -Wall -ftls-model=initial-exec'
CPP='gcc -E'
CPPFLAGS=''
CYGPATH_W='echo'
DEFS='-DHAVE_CONFIG_H'
DEPDIR='.deps'
DLLTOOL='false'
DSYMUTIL=''
DUMPBIN=''
ECHO_C=''
ECHO_N='-n'
ECHO_T=''
EGREP='/bin/grep -E'
EXEEXT=''
FGREP='/bin/grep -F'
GREP='/bin/grep'
INSTALL_DATA='${INSTALL} -m 644'
INSTALL_PROGRAM='${INSTALL}'
INSTALL_SCRIPT='${INSTALL}'
INSTALL_STRIP_PROGRAM='$(install_sh) -c -s'
LD='/usr/bin/ld'
LDFLAGS=''
LIBOBJS=''
LIBS='-lpthread -ldl '
LIBTOOL='$(SHELL) $(top_builddir)/libtool'
LIPO=''
LN_S='ln -s'
LTLIBOBJS=''
MAKEINFO='${SHELL} /home/denjo/parallel/sys/src/mth/mthreads/missing --run makeinfo'
MANIFEST_TOOL=':'
MKDIR_P='/bin/mkdir -p'
NM='/usr/bin/nm -B'
NMEDIT=''
OBJDUMP='objdump'
OBJEXT='o'
OTOOL64=''
OTOOL=''
PACKAGE='massivethreads'
PACKAGE_BUGREPORT='massivethreads@eidos.ic.i.u-tokyo.ac.jp'
PACKAGE_NAME='massivethreads'
PACKAGE_STRING='massivethreads 0.21'
PACKAGE_TARNAME='massivethreads'
PACKAGE_URL='http://code.google.com/p/massivethreads/'
PACKAGE_VERSION='0.21'
PATH_SEPARATOR=':'
RANLIB='ranlib'
SED='/bin/sed'
SET_MAKE=''
SHELL='/bin/bash'
STRIP='strip'
VERSION='0.21'
ac_ct_AR='ar'
ac_ct_CC='gcc'
ac_ct_DUMPBIN=''
am__EXEEXT_FALSE=''
am__EXEEXT_TRUE='#'
am__fastdepCCAS_FALSE='#'
am__fastdepCCAS_TRUE=''
am__fastdepCC_FALSE='#'
am__fastdepCC_TRUE=''
am__include='include'
am__isrc=''
am__leading_dot='.'
am__nodep='_no'
am__quote=''
am__tar='$${TAR-tar} chof - "$$tardir"'
am__untar='$${TAR-tar} xf -'
bindir='${exec_prefix}/bin'
build='i686-pc-linux-gnu'
build_alias=''
build_cpu='i686'
build_os='linux-gnu'
build_vendor='pc'
datadir='${datarootdir}'
datarootdir='${prefix}/share'
docdir='${datarootdir}/doc/${PACKAGE_TARNAME}'
dvidir='${docdir}'
exec_prefix='${prefix}'
host='i686-pc-linux-gnu'
host_alias=''
host_cpu='i686'
host_os='linux-gnu'
host_vendor='pc'
htmldir='${docdir}'
includedir='${prefix}/include'
infodir='${datarootdir}/info'
install_sh='${SHELL} /home/denjo/parallel/sys/src/mth/mthreads/install-sh'
libdir='${exec_prefix}/lib'
libexecdir='${exec_prefix}/libexec'
localedir='${datarootdir}/locale'
localstatedir='${prefix}/var'
mandir='${datarootdir}/man'
mkdir_p='/bin/mkdir -p'
oldincludedir='/usr/include'
pdfdir='${docdir}'
prefix='/home/denjo/parallel/sys'
program_transform_name='s,x,x,'
psdir='${docdir}'
sbindir='${exec_prefix}/sbin'
sharedstatedir='${prefix}/com'
sysconfdir='${prefix}/etc'
target_alias=''

## ----------- ##
## confdefs.h. ##
## ----------- ##

/* confdefs.h */
#define PACKAGE_NAME "massivethreads"
#define PACKAGE_TARNAME "massivethreads"
#define PACKAGE_VERSION "0.21"
#define PACKAGE_STRING "massivethreads 0.21"
#define PACKAGE_BUGREPORT "massivethreads@eidos.ic.i.u-tokyo.ac.jp"
#define PACKAGE_URL "http://code.google.com/p/massivethreads/"
#define PACKAGE "massivethreads"
#define VERSION "0.21"
#define HAVE_LIBDL 1
#define HAVE_LIBPTHREAD 1
#define STDC_HEADERS 1
#define HAVE_SYS_TYPES_H 1
#define HAVE_SYS_STAT_H 1
#define HAVE_STDLIB_H 1
#define HAVE_STRING_H 1
#define HAVE_MEMORY_H 1
#define HAVE_STRINGS_H 1
#define HAVE_INTTYPES_H 1
#define HAVE_STDINT_H 1
#define HAVE_UNISTD_H 1
#define SIZEOF_INT 4
#define SIZEOF_VOIDP 4
#define HAVE_DLFCN_H 1
#define LT_OBJDIR ".libs/"

configure: exit 0

## ---------------------- ##
## Running config.status. ##
## ---------------------- ##

This file was extended by massivethreads config.status 0.21, which was
generated by GNU Autoconf 2.68.  Invocation command line was

  CONFIG_FILES    = 
  CONFIG_HEADERS  = 
  CONFIG_LINKS    = 
  CONFIG_COMMANDS = 
  $ ./config.status config.h

on denjo-pc

config.status:1100: creating config.h
config.status:1281: config.h is unchanged
